<?xml version="1.0" encoding="UTF-8"?>
<!-- Generated by org.testng.reporters.JUnitReportReporter -->
<testsuite skipped="0" hostname="DESKTOP-488FP15" name="qsp.demo" tests="1" failures="0" timestamp="2019-10-16T07:53:53 IST" time="0.012" errors="0">
  <testcase name="test" time="0.012" classname="qsp.demo"/>
</testsuite> <!-- qsp.demo -->
